# JRE version: Java(TM) SE Runtime Environment (8.0_71-b15) (build 1.8.0_71-b15)
# Java VM: Java HotSpot(TM) Client VM (25.71-b15 mixed mode, sharing windows-x86 )
Heap:
 def new generation   total 2432K, used 1563K [0x04600000, 0x048a0000, 0x09b50000)
  eden space 2176K,  60% used [0x04600000, 0x0474acd8, 0x04820000)
  from space 256K,  93% used [0x04860000, 0x0489c110, 0x048a0000)
  to   space 256K,   0% used [0x04820000, 0x04820000, 0x04860000)
 tenured generation   total 5504K, used 1213K [0x09b50000, 0x0a0b0000, 0x14600000)
   the space 5504K,  22% used [0x09b50000, 0x09c7f6b8, 0x09c7f800, 0x0a0b0000)
 Metaspace       used 2608K, capacity 4452K, committed 4544K, reserved 7552K
GC Heap History (10 events):
Event: 0.638 GC heap before
{Heap before GC invocations=0 (full 0):
 def new generation   total 2432K, used 2176K [0x04600000, 0x048a0000, 0x09b50000)
  eden space 2176K, 100% used [0x04600000, 0x04820000, 0x04820000)
  from space 256K,   0% used [0x04820000, 0x04820000, 0x04860000)
  to   space 256K,   0% used [0x04860000, 0x04860000, 0x048a0000)
 tenured generation   total 5504K, used 0K [0x09b50000, 0x0a0b0000, 0x14600000)
   the space 5504K,   0% used [0x09b50000, 0x09b50000, 0x09b50200, 0x0a0b0000)
 Metaspace       used 646K, capacity 2596K, committed 2624K, reserved 4480K
Event: 0.642 GC heap after
Heap after GC invocations=1 (full 0):
 def new generation   total 2432K, used 256K [0x04600000, 0x048a0000, 0x09b50000)
  eden space 2176K,   0% used [0x04600000, 0x04600000, 0x04820000)
  from space 256K, 100% used [0x04860000, 0x048a0000, 0x048a0000)
  to   space 256K,   0% used [0x04820000, 0x04820000, 0x04860000)
 tenured generation   total 5504K, used 168K [0x09b50000, 0x0a0b0000, 0x14600000)
   the space 5504K,   3% used [0x09b50000, 0x09b7a258, 0x09b7a400, 0x0a0b0000)
 Metaspace       used 646K, capacity 2596K, committed 2624K, reserved 4480K
}
Event: 0.727 GC heap before
{Heap before GC invocations=1 (full 0):
 def new generation   total 2432K, used 2432K [0x04600000, 0x048a0000, 0x09b50000)
  eden space 2176K, 100% used [0x04600000, 0x04820000, 0x04820000)
  from space 256K, 100% used [0x04860000, 0x048a0000, 0x048a0000)
  to   space 256K,   0% used [0x04820000, 0x04820000, 0x04860000)
 tenured generation   total 5504K, used 168K [0x09b50000, 0x0a0b0000, 0x14600000)
   the space 5504K,   3% used [0x09b50000, 0x09b7a258, 0x09b7a400, 0x0a0b0000)
 Metaspace       used 1131K, capacity 3044K, committed 3136K, reserved 4480K
Event: 0.729 GC heap after
Heap after GC invocations=2 (full 0):
 def new generation   total 2432K, used 256K [0x04600000, 0x048a0000, 0x09b50000)
  eden space 2176K,   0% used [0x04600000, 0x04600000, 0x04820000)
  from space 256K, 100% used [0x04820000, 0x04860000, 0x04860000)
  to   space 256K,   0% used [0x04860000, 0x04860000, 0x048a0000)
 tenured generation   total 5504K, used 616K [0x09b50000, 0x0a0b0000, 0x14600000)
   the space 5504K,  11% used [0x09b50000, 0x09bea320, 0x09bea400, 0x0a0b0000)
 Metaspace       used 1131K, capacity 3044K, committed 3136K, reserved 4480K
}
Event: 0.771 GC heap before
{Heap before GC invocations=2 (full 0):
 def new generation   total 2432K, used 2430K [0x04600000, 0x048a0000, 0x09b50000)
  eden space 2176K,  99% used [0x04600000, 0x0481f8e8, 0x04820000)
  from space 256K, 100% used [0x04820000, 0x04860000, 0x04860000)
  to   space 256K,   0% used [0x04860000, 0x04860000, 0x048a0000)
 tenured generation   total 5504K, used 616K [0x09b50000, 0x0a0b0000, 0x14600000)
   the space 5504K,  11% used [0x09b50000, 0x09bea320, 0x09bea400, 0x0a0b0000)
 Metaspace       used 1581K, capacity 3492K, committed 3520K, reserved 4480K
Event: 0.772 GC heap after
Heap after GC invocations=3 (full 0):
 def new generation   total 2432K, used 76K [0x04600000, 0x048a0000, 0x09b50000)
  eden space 2176K,   0% used [0x04600000, 0x04600000, 0x04820000)
  from space 256K,  29% used [0x04860000, 0x048732e0, 0x048a0000)
  to   space 256K,   0% used [0x04820000, 0x04820000, 0x04860000)
 tenured generation   total 5504K, used 870K [0x09b50000, 0x0a0b0000, 0x14600000)
   the space 5504K,  15% used [0x09b50000, 0x09c299f8, 0x09c29a00, 0x0a0b0000)
 Metaspace       used 1581K, capacity 3492K, committed 3520K, reserved 4480K
}
Event: 0.829 GC heap before
{Heap before GC invocations=3 (full 0):
 def new generation   total 2432K, used 2252K [0x04600000, 0x048a0000, 0x09b50000)
  eden space 2176K, 100% used [0x04600000, 0x04820000, 0x04820000)
  from space 256K,  29% used [0x04860000, 0x048732e0, 0x048a0000)
  to   space 256K,   0% used [0x04820000, 0x04820000, 0x04860000)
 tenured generation   total 5504K, used 870K [0x09b50000, 0x0a0b0000, 0x14600000)
   the space 5504K,  15% used [0x09b50000, 0x09c299f8, 0x09c29a00, 0x0a0b0000)
 Metaspace       used 2072K, capacity 3972K, committed 4032K, reserved 6528K
Event: 0.830 GC heap after
Heap after GC invocations=4 (full 0):
 def new generation   total 2432K, used 229K [0x04600000, 0x048a0000, 0x09b50000)
  eden space 2176K,   0% used [0x04600000, 0x04600000, 0x04820000)
  from space 256K,  89% used [0x04820000, 0x04859710, 0x04860000)
  to   space 256K,   0% used [0x04860000, 0x04860000, 0x048a0000)
 tenured generation   total 5504K, used 998K [0x09b50000, 0x0a0b0000, 0x14600000)
   the space 5504K,  18% used [0x09b50000, 0x09c499f8, 0x09c49a00, 0x0a0b0000)
 Metaspace       used 2072K, capacity 3972K, committed 4032K, reserved 6528K
}
Event: 0.922 GC heap before
{Heap before GC invocations=4 (full 0):
 def new generation   total 2432K, used 2405K [0x04600000, 0x048a0000, 0x09b50000)
  eden space 2176K, 100% used [0x04600000, 0x04820000, 0x04820000)
  from space 256K,  89% used [0x04820000, 0x04859710, 0x04860000)
  to   space 256K,   0% used [0x04860000, 0x04860000, 0x048a0000)
 tenured generation   total 5504K, used 998K [0x09b50000, 0x0a0b0000, 0x14600000)
   the space 5504K,  18% used [0x09b50000, 0x09c499f8, 0x09c49a00, 0x0a0b0000)
 Metaspace       used 2600K, capacity 4452K, committed 4544K, reserved 7552K
Event: 0.924 GC heap after
Heap after GC invocations=5 (full 0):
 def new generation   total 2432K, used 240K [0x04600000, 0x048a0000, 0x09b50000)
  eden space 2176K,   0% used [0x04600000, 0x04600000, 0x04820000)
  from space 256K,  93% used [0x04860000, 0x0489c110, 0x048a0000)
  to   space 256K,   0% used [0x04820000, 0x04820000, 0x04860000)
 tenured generation   total 5504K, used 1213K [0x09b50000, 0x0a0b0000, 0x14600000)
   the space 5504K,  22% used [0x09b50000, 0x09c7f6b8, 0x09c7f800, 0x0a0b0000)
 Metaspace       used 2600K, capacity 4452K, committed 4544K, reserved 7552K
}

